== Running in interactive mode. ==
 - Press Ctrl+C to interject at any time.
 - Press Return to return control to the AI.
 - To return control without starting a new line, end your input with '/'.
 - If you want to submit another line, end your input with '\'.

 <|im_start|>system
You are a helpful JavaScript programer.<|im_end|>

> I get the following errors trying to run unit- and acceptance-tests for a program:
Second:

PS C:\WINDOWS\system32\workspace\masterarbeit\DevBench\benchmark_data\javascript\login-registration> npm run coverage

> vue-vuex-registration-login-example@1.0.0 coverage C:\Windows\System32\workspace\masterarbeit\DevBench\benchmark_data\javascript\login-registration
> npx jest --coverage

 PASS  test/HomePage.spec.js
  ● Console

    console.error node_modules/vue/dist/vue.runtime.common.dev.js:4564
      [Vue warn]: Unknown custom element: <router-link> - did you register the component correctly? For recursive components, make sure to provide the "name" option.

      found in

      ---> <Anonymous>
             <Root>
    console.error node_modules/vue/dist/vue.runtime.common.dev.js:4564
      [Vue warn]: Unknown custom element: <router-link> - did you register the component correctly? For recursive components, make sure to provide the "name" option.

      found in

      ---> <Anonymous>
             <Root>
    console.error node_modules/vue/dist/vue.runtime.common.dev.js:4564
      [Vue warn]: Unknown custom element: <router-link> - did you register the component correctly? For recursive components, make sure to provide the "name" option.

      found in

      ---> <Anonymous>
             <Root>

 PASS  test/RegisterPage.spec.js
  ● Console

    console.error node_modules/vue/dist/vue.runtime.common.dev.js:4564
      [Vue warn]: Unknown custom element: <router-link> - did you register the component correctly? For recursive components, make sure to provide the "name" option.

      found in

      ---> <Anonymous>
             <Root>
    console.error node_modules/vue/dist/vue.runtime.common.dev.js:4564
      [Vue warn]: Unknown custom element: <router-link> - did you register the component correctly? For recursive components, make sure to provide the "name" option.

      found in

      ---> <Anonymous>
             <Root>
    console.error node_modules/vue/dist/vue.runtime.common.dev.js:4564
      [Vue warn]: Unknown custom element: <router-link> - did you register the component correctly? For recursive components, make sure to provide the "name" option.

      found in

      ---> <Anonymous>
             <Root>
    console.error node_modules/vue/dist/vue.runtime.common.dev.js:4564
      [Vue warn]: Unknown custom element: <router-link> - did you register the component correctly? For recursive components, make sure to provide the "name" option.

      found in

      ---> <Anonymous>
             <Root>
    console.error node_modules/vue/dist/vue.runtime.common.dev.js:4564
      [Vue warn]: Unknown custom element: <router-link> - did you register the component correctly? For recursive components, make sure to provide the "name" option.

      found in

      ---> <Anonymous>
             <Root>

 FAIL  test/LoginPage.spec.js
  ● Console

    console.error node_modules/vue/dist/vue.runtime.common.dev.js:4564
      [Vue warn]: Unknown custom element: <router-link> - did you register the component correctly? For recursive components, make sure to provide the "name" option.

      found in

      ---> <Anonymous>
             <Root>
    console.error node_modules/vue/dist/vue.runtime.common.dev.js:4564
      [Vue warn]: Unknown custom element: <router-link> - did you register the component correctly? For recursive components, make sure to provide the "name" option.

      found in

      ---> <Anonymous>
             <Root>
    console.error node_modules/vue/dist/vue.runtime.common.dev.js:4564
      [Vue warn]: Unknown custom element: <router-link> - did you register the component correctly? For recursive components, make sure to provide the "name" option.

      found in

      ---> <Anonymous>
             <Root>

  ● renders login form

    expect(received).toBe(expected) // Object.is equality

    Expected: true
    Received: false

      35 |   const wrapper = shallowMount(LoginPage, { store, localVue });
      36 |   expect(wrapper.find('form').exists()).toBe(true);
    > 37 |   expect(wrapper.find('input[name="username"]').exists()).toBe(true);
         |                                                           ^
      38 |   expect(wrapper.find('input[name="password"]').exists()).toBe(true);
      39 | });
      40 |

      at Object.<anonymous> (test/LoginPage.spec.js:37:59)

  ● calls store action "login" when form is submitted with data

    [vue-test-utils]: find did not return input[name="username"], cannot call setValue() on empty Wrapper

      52 |   const passwordInput = wrapper.find('input[name="password"]');
      53 |
    > 54 |   await usernameInput.setValue('testUser');
         |                       ^
      55 |   await passwordInput.setValue('password');
      56 |   await wrapper.find('form').trigger('submit.prevent');
      57 |

      at throwError (node_modules/@vue/test-utils/dist/vue-test-utils.js:1700:9)
      at ErrorWrapper.setValue (node_modules/@vue/test-utils/dist/vue-test-utils.js:8981:3)
      at _callee2$ (test/LoginPage.spec.js:54:23)
      at tryCatch (node_modules/regenerator-runtime/runtime.js:62:40)
      at Generator.invoke [as _invoke] (node_modules/regenerator-runtime/runtime.js:296:22)
      at Generator.prototype.<computed> [as next] (node_modules/regenerator-runtime/runtime.js:114:21)
      at step (test/LoginPage.spec.js:19:191)
      at test/LoginPage.spec.js:19:437
      at Object.<anonymous> (test/LoginPage.spec.js:19:99)

-------------------|----------|----------|----------|----------|-------------------|
File               |  % Stmts | % Branch |  % Funcs |  % Lines | Uncovered Line #s |
-------------------|----------|----------|----------|----------|-------------------|
All files          |    94.44 |    66.67 |      100 |    94.44 |                   |
 home              |      100 |      100 |      100 |      100 |                   |
  HomePage.vue     |      100 |      100 |      100 |      100 |                   |
 login             |    85.71 |       50 |      100 |    85.71 |                   |
  LoginPage.vue    |    85.71 |       50 |      100 |    85.71 |                48 |
 register          |      100 |      100 |      100 |      100 |                   |
  RegisterPage.vue |      100 |      100 |      100 |      100 |                   |
-------------------|----------|----------|----------|----------|-------------------|
Handlebars: Access has been denied to resolve the property "statements" because it is not an "own property" of its parent.
You can add a runtime option to disable the check or this warning:
See https://handlebarsjs.com/api-reference/runtime-options.html#options-to-control-prototype-access for details
Handlebars: Access has been denied to resolve the property "branches" because it is not an "own property" of its parent.
You can add a runtime option to disable the check or this warning:
See https://handlebarsjs.com/api-reference/runtime-options.html#options-to-control-prototype-access for details
Handlebars: Access has been denied to resolve the property "functions" because it is not an "own property" of its parent.
You can add a runtime option to disable the check or this warning:
npm ERR! vue-vuex-registration-login-example@1.0.0 coverage: `npx jest --coverage`
npm ERR! Exit status 1
npm ERR!
npm ERR! Failed at the vue-vuex-registration-login-example@1.0.0 coverage script.
npm ERR! This is probably not a problem with npm. There is likely additional logging output above.

npm ERR! vue-vuex-registration-login-example@1.0.0 coverage: `npx jest --coverage`
npm ERR! Exit status 1
npm ERR!
npm ERR! Failed at the vue-vuex-registration-login-example@1.0.0 coverage script.
npm ERR! This is probably not a problem with npm. There is likely additional logging output above.

npm ERR! A complete log of this run can be found in:
npm ERR!     C:\Users\marce\AppData\Roaming\npm-cache\_logs\2024-10-11T16_17_25_390Z-debug.log
PS C:\WINDOWS\system32\workspace\masterarbeit\DevBench\benchmark_data\javascript\login-registration>







npm ERR! vue-vuex-registration-login-example@1.0.0 coverage: `npx jest --coverage`
npm ERR! Exit status 1
npm ERR!
npm ERR! Failed at the vue-vuex-registration-login-example@1.0.0 coverage script.
npm ERR! This is probably not a problem with npm. There is likely additional logging output above.

npm ERR! A complete log of this run can be found in:
npm ERR!     C:\Users\marce\AppData\Roaming\npm-cache\_logs\2024-10-11T16_17_25_390Z-debug.log
PS C:\WINDOWS\system32\workspace\masterarbeit\DevBench\benchmark_data\javascript\login-registration>





npm ERR! vue-vuex-registration-login-example@1.0.0 coverage: `npx jest --coverage`
npm ERR! Exit status 1
npm ERR!
npm ERR! Failed at the vue-vuex-registration-login-example@1.0.0 coverage script.
npm ERR! This is probably not a problem with npm. There is likely additional logging output above.

npm ERR! A complete log of this run can be found in:
npm ERR!     C:\Users\marce\AppData\Roaming\npm-cache\_logs\2024-10-11T16_17_25_390Z-debug.log
PS C:\WINDOWS\system32\workspace\masterarbeit\DevBench\benchmark_data\javascript\login-registration>

npm ERR! vue-vuex-registration-login-example@1.0.0 coverage: `npx jest --coverage`
npm ERR! Exit status 1
npm ERR!
npm ERR! Failed at the vue-vuex-registration-login-example@1.0.0 coverage script.
npm ERR! This is probably not a problem with npm. There is likely additional logging output above.

npm ERR! A complete log of this run can be found in:
npm ERR!     C:\Users\marce\AppData\Roaming\npm-cache\_logs\2024-10-11T16_17_25_390Z-debug.log
npm ERR!
npm ERR! Failed at the vue-vuex-registration-login-example@1.0.0 coverage script.
npm ERR! This is probably not a problem with npm. There is likely additional logging output above.

npm ERR! This is probably not a problem with npm. There is likely additional logging output above.


npm ERR! A complete log of this run can be found in:
npm ERR!     C:\Users\marce\AppData\Roaming\npm-cache\_logs\2024-10-11T16_17_25_390Z-debug.log
Please provide code and an explanation to fix the bug which causes the aforementioned errors.

> The errors you're seeing are due to the Vue Test Utils not being able to find the `<router-link>` components in your tests. This is likely because these components are not properly registered in the tests.

Here's a potential solution:

You can mock the `<router-link>` component in your tests using the `stubs` option provided by Vue Test Utils. This will tell the test renderer to replace any occurrence of the `<router-link>` component with a stub component, which will prevent the errors from occurring.

Here's how you can modify your tests to include this:

```javascript
import { shallowMount, createLocalVue } from '@vue/test-utils';
import Vuex from 'vuex';
import LoginPage from '../src/components/LoginPage.vue';

const localVue = createLocalVue();
localVue.use(Vuex);

describe('LoginPage', () => {
  let store;

  beforeEach(() => {
    store = new Vuex.Store({
      // your store configuration here
    });
  });

  it('renders login form', () => {
    const wrapper = shallowMount(LoginPage, { store, localVue, stubs: ['router-link'] });
    // your test assertions here
  });

  // other tests here
});
```

By adding `stubs: ['router-link']` to the options object passed to `shallowMount`, you're telling the test renderer to replace any `<router-link>` components with a stub component, which will prevent the errors from occurring.

>
 I've modified your tests to include the `stubs` option with `'router-link'` in the options object passed to `shallowMount`. This will tell the test renderer to replace any `<router-link>` components with a stub component, which will prevent the errors from occurring. Here's how you can modify your tests:

```javascript
import { shallowMount, createLocalVue } from '@vue/test-utils';
import Vuex from 'vuex';
import LoginPage from '../src/components/LoginPage.vue';

const localVue = createLocalV
> Ok as far as I can see your code refers to the LoginPage.vue. I will give you the current code. Here it is: <template>
    <div>
        <h2>Login</h2>
        <form @submit.prevent="handleSubmit">
            <div class="form-group">
                <label for="username">Username</label>
                <div v-show="submitted && !username" class="invalid-feedback">Username is required</div>
            </div>
            <div class="form-group">
                <label htmlFor="password">Password</label>
                <input type="password" v-model="password" name="password" class="form-control" :class="{ 'is-invalid': submitted && !password }" />
                <div v-show="submitted && !password" class="invalid-feedback">Password is required</div>
            </div>
            <div class="form-group">
                <button class="btn btn-primary" :disabled="status.loggingIn">Login</button>
                <img v-show="status.loggingIn" src="data:image/gif;base64,R0lGODlhEAAQAPIAAP///wAAAMLCwkJCQgAAAGJiYoKCgpKSkiH/C05FVFNDQVBFMi4wAwEAAAAh/hpDcmVhdGVkIHdpdGggYWpheGxvYWQuaW5mbwAh+QQJCgAAACwAAAAAEAAQAAADMwi63P4wyklrE2MIOggZnAdOmGYJRbExwroUmcG2LmDEwnHQLVsYOd2mBzkYDAdKa+dIAAAh+QQJCgAAACwAAAAAEAAQAAADNAi63P5OjCEgG4QMu7DmikRxQlFUYDEZIGBMRVsaqHwctXXf7WEYB4Ag1xjihkMZsiUkKhIAIfkECQoAAAAsAAAAABAAEAAAAzYIujIjK8pByJDMlFYvBoVjHA70GU7xSUJhmKtwHPAKzLO9HMaoKwJZ7Rf8AYPDDzKpZBqfvwQAIfkECQoAAAAsAAAAABAAEAAAAzMIumIlK8oyhpHsnFZfhYumCYUhDAQxRIdhHBGqRoKw0R8DYlJd8z0fMDgsGo/IpHI5TAAAIfkECQoAAAAsAAAAABAAEAAAAzIIunInK0rnZBTwGPNMgQwmdsNgXGJUlIWEuR5oWUIpz8pAEAMe6TwfwyYsGo/IpFKSAAAh+QQJCgAAACwAAAAAEAAQAAADMwi6IMKQORfjdOe82p4wGccc4CEuQradylesojEMBgsUc2G7sDX3lQGBMLAJibufbSlKAAAh+QQJCgAAACwAAAAAEAAQAAADMgi63P7wCRHZnFVdmgHu2nFwlWCI3WGc3TSWhUFGxTAUkGCbtgENBMJAEJsxgMLWzpEAACH5BAkKAAAALAAAAAAQABAAAAMyCLrc/jDKSatlQtScKdceCAjDII7HcQ4EMTCpyrCuUBjCYRgHVtqlAiB1YhiCnlsRkAAAOwAAAAAAAAAAAA==" />
                <router-link to="/register" class="btn btn-link">Register</router-link>
            </div>
        </form>
    </div>
</template>

<script>
import { mapState, mapActions } from 'vuex'

export default {
    data () {
        return {
            username: '',
            password: '',
            submitted: false
        }
    },
    computed: {
        ...mapState('account', ['status'])
    },
    created () {
        // reset login status
        this.logout();
    },
    methods: {
        ...mapActions('account', ['login', 'logout']),
        handleSubmit (e) {
            this.submitted = true;
            const { username, password } = this;
            if (username && password) {
                this.login({ username, password })
            }
        }
    }
};
</script>
Maybe this code from the 'LoginPage.vue' will help you to find the bug.

>
I see that you've provided the code for the `LoginPage.vue` component. Since the error messages are related to the Vue Test Utils not being able to find the `<router-link>` components, the issue is likely in your test files.

Given that you're already stubbing `<router-link>` in your test files, the problem might not be directly related to this component. However, without seeing your test files, it's difficult to provide a more specific solution.

Here are some general suggestions to troubleshoot the issue:

1. Make sure that the test files are located in the correct directory. Vue Test Utils uses the file system to locate your components, so ensure that the test files are located in the same directory as the `LoginPage.vue` component or in a subdirectory.

2. Check that the import statements in your test files are correct. Ensure that the correct path to the `LoginPage.vue` component is specified.

3. Verify that the test files are named correctly. Jest uses a file naming convention to identify test files. By default, Jest looks for files with a `.spec.js` or `.test.js` extension.

4. Check if there are any other errors or warnings in your test output that might be causing the issue.

5. If none of the above steps help, consider sharing your test files so that I can provide more specific guidance.

> Thank you