 - Press Ctrl+C to interject at any time.
 - Press Return to return control to the AI.
 - To return control without starting a new line, end your input with '/'.
 - If you want to submit another line, end your input with '\'.

<|im_start|>system
You are a helpful a java programer.<|im_end|>

> I get the following errors trying to run unit- and acceptance-tests for a program:
First:
marcel@LAPTOP-3IIA7HT1:/mnt/c/WINDOWS/system32/workspace/masterarbeit/DevBench/benchmark_data/java/Actor_relationship_game$ ./run_ActorRelationshipGame.sh

> Task :compileJava FAILED
/mnt/c/WINDOWS/system32/workspace/masterarbeit/DevBench/benchmark_data/java/Actor_relationship_game/src/main/java/Actor_relationship_game/Movie.java:36: error: ',', ')', or '[' expected
    public void setTitle(String title;) {
                                     ^
/mnt/c/WINDOWS/system32/workspace/masterarbeit/DevBench/benchmark_data/java/Actor_relationship_game/src/main/java/Actor_relationship_game/Movie.java:36: error: illegal start of type
    public void setTitle(String title;) {
                                      ^
2 errors

FAILURE: Build failed with an exception.

* What went wrong:
Execution failed for task ':compileJava'.
> Compilation failed; see the compiler error output for details.

* Try:
> Run with --info option to get more log output.
> Run with --scan to get full insights.

Deprecated Gradle features were used in this build, making it incompatible with Gradle 9.0.

You can use '--warning-mode all' to show the individual deprecation warnings and determine if they come from your own scripts or plugins.

For more on this, please refer to https://docs.gradle.org/8.2/userguide/command_line_interface.html#sec:command_line_warnings in the Gradle documentation.

BUILD FAILED in 3s
1 actionable task: 1 executed

> Task :compileJava FAILED
/mnt/c/WINDOWS/system32/workspace/masterarbeit/DevBench/benchmark_data/java/Actor_relationship_game/src/main/java/Actor_relationship_game/Movie.java:36: error: ',', ')', or '[' expected
    public void setTitle(String title;) {
                                     ^
/mnt/c/WINDOWS/system32/workspace/masterarbeit/DevBench/benchmark_data/java/Actor_relationship_game/src/main/java/Actor_relationship_game/Movie.java:36: error: illegal start of type
    public void setTitle(String title;) {
                                      ^
2 errors

FAILURE: Build failed with an exception.

* What went wrong:
Execution failed for task ':compileJava'.
> Compilation failed; see the compiler error output for details.

* Try:
> Run with --info option to get more log output.
> Run with --scan to get full insights.

Deprecated Gradle features were used in this build, making it incompatible with Gradle 9.0.

You can use '--warning-mode all' to show the individual deprecation warnings and determine if they come from your own scripts or plugins.

For more on this, please refer to https://docs.gradle.org/8.2/userguide/command_line_interface.html#sec:command_line_warnings in the Gradle documentation.

BUILD FAILED in 2s
1 actionable task: 1 executed

> Task :compileJava FAILED
/mnt/c/WINDOWS/system32/workspace/masterarbeit/DevBench/benchmark_data/java/Actor_relationship_game/src/main/java/Actor_relationship_game/Movie.java:36: error: ',', ')', or '[' expected
    public void setTitle(String title;) {
                                     ^
/mnt/c/WINDOWS/system32/workspace/masterarbeit/DevBench/benchmark_data/java/Actor_relationship_game/src/main/java/Actor_relationship_game/Movie.java:36: error: illegal start of type
    public void setTitle(String title;) {
                                      ^
2 errors

FAILURE: Build failed with an exception.

* What went wrong:
Execution failed for task ':compileJava'.
> Compilation failed; see the compiler error output for details.

* Try:
> Run with --info option to get more log output.
> Run with --scan to get full insights.

Deprecated Gradle features were used in this build, making it incompatible with Gradle 9.0.

You can use '--warning-mode all' to show the individual deprecation warnings and determine if they come from your own scripts or plugins.

For more on this, please refer to https://docs.gradle.org/8.2/userguide/command_line_interface.html#sec:command_line_warnings in the Gradle documentation.

BUILD FAILED in 2s
1 actionable task: 1 executed
<-------------> 0% WAITING
> IDLE
Please provide code and an explanation to fix the bug which causes the aforementioned errors.

>
The code is missing a comma, i.e. ",")
<|im_end|>
<|im_start|>user
I get the following errors trying to run unit- and acceptance-tests for a program:
First:
marcel@LAPTOP-3IIA7HT1:/mnt/c/WINDOWS/system32/workspace/masterarbeit/DevBench/benchmark_data/java/Actor_relationship_game$ ./run_ActorRelationshipGame.sh

> Task :compileJava FAILED
/mnt/c/WINDOWS/system32/workspace/masterarbeit/DevBench/benchmark_data/java/Actor_relationship_game/src/main/java/Actor_relationship_game/Movie.java:36: error: ',', ')', or '[' expected
    public void setTitle(String title;) {
                                     ^
/mnt/c/WINDOWS/system32/workspace/masterarbeit/DevBench/benchmark_data/java/Actor_relationship_game/src/main/java/Actor_relationship_game/Movie.java:36: error: illegal start of type
    public void setTitle(String title;) {
                                      ^
2 errors

FAILURE: Build failed with an exception.

* What went wrong:
Execution failed for task ':compileJava'.
> Compilation failed; see the compiler error output for details.

* Try:
> Run with --info option to get more log output.
> Run with --scan to get full insights.

Deprecated Gradle features were used in this build, making it incompatible with Gradle 9.0.

You can use '--warning-mode all' to show the individual deprecation warnings and determine if they come from your own scripts or plugins.

For more on this, please refer to https://docs.gradle.org/8.2/userguide/command_line_interface.html#sec:command_line_warnings in the Gradle documentation.

BUILD FAILED in 3s
1 actionable task: 1 executed

> Task :compileJava FAILED
/mnt/c/WINDOWS/system32/workspace/masterarbeit/DevBench/benchmark_data/java/Actor_relationship_game/src/main/java/Actor_relationship_game/Movie.java:36: error: ',', ')', or '[' expected
    public void setTitle(String title;)
> Ok, so can you add the missing "," and provide the fixed code?
I updated the code accordingly:
package Actor_relationship_game;

public class Movie {
    private String title;
    private String director;
    private String year;
    private double rating;

    public Movie(String title, String director, String year, double rating) {
        this.title = title;
        this.director = director;
        this.year = year;
        this.rating = rating;
    }

    public String getTitle() {
        return title;
    }

    public String getDirector() {
        return director;
    }

    public String getYear() {
        return year;
    }

    public double getRating() {
        return rating;
    }

    public void setRating(double rating) {
        this.rating = rating;
    }

    public void setTitle(String title) {
        this.title = title;
    }
}

<|im_end|>
<|im_start|>user
I get the following errors trying to run unit- and acceptance-tests for a program:
First:
marcel@LAPTOP-3IIA7HT1:/mnt/c/WINDOWS/system32/workspace/masterarbeit/DevBench/benchmark_data/java/Actor_relationship_game$ ./run_ActorRelationshipGame.sh

> Task :compileJava FAILED
/mnt/c/WINDOWS/system32/workspace/masterarbeit/DevBench/benchmark_data/java/Actor_relationship_game/src/main/java/Actor_relationship_game/Movie.java:36: error: ',', ')', or '[' expected
    public void setTitle(String title;) {
                                     ^
/mnt/c/WINDOWS/system32/workspace/masterarbeit/DevBench/benchmark_data/java/Actor_relationship_game/src/main/java/Actor_relationship_game/Movie.java:36: error: illegal start of type
    public void setTitle(String title;) {
                                      ^
2 errors

FAILURE: Build failed with an exception.

* What went wrong:
Execution failed for task ':compileJava'.
> Compilation failed; see the compiler error output for details.

* Try:
> Run with --info option
> Thank you