== Running in interactive mode. ==
 - Press Ctrl+C to interject at any time.
 - Press Return to return control to the AI.
 - To return control without starting a new line, end your input with '/'.
 - If you want to submit another line, end your input with '\'.

 <|im_start|>system
You are a helpful a Python programer.<|im_end|>

> I get the following errors trying to run unit- and acceptance-tests for a program:
First:

marcel@LAPTOP-3IIA7HT1:/mnt/c/WINDOWS/system32/workspace/masterarbeit/DevBench/benchmark_data/python/Hybrid_Images$ python3 unit_test.py
Traceback (most recent call last):
  File "/mnt/c/WINDOWS/system32/workspace/masterarbeit/DevBench/benchmark_data/python/Hybrid_Images/unit_test.py", line 8, in <module>
    from src import hybrid
  File "/mnt/c/WINDOWS/system32/workspace/masterarbeit/DevBench/benchmark_data/python/Hybrid_Images/src/hybrid.py", line 96
    return output / normalize
IndentationError: unexpected indent

Second:

marcel@LAPTOP-3IIA7HT1:/mnt/c/WINDOWS/system32/workspace/masterarbeit/DevBench/benchmark_data/python/Hybrid_Images$ python3 acceptance_test.py
Traceback (most recent call last):
  File "/mnt/c/WINDOWS/system32/workspace/masterarbeit/DevBench/benchmark_data/python/Hybrid_Images/acceptance_test.py", line 6, in <module>
    from src.hybrid import create_hybrid_image
  File "/mnt/c/WINDOWS/system32/workspace/masterarbeit/DevBench/benchmark_data/python/Hybrid_Images/src/hybrid.py", line 96
    return output / normalize
IndentationError: unexpected indent

Third:

marcel@LAPTOP-3IIA7HT1:/mnt/c/WINDOWS/system32/workspace/masterarbeit/DevBench/benchmark_data/python/Hybrid_Images$ python3 demo.py
Traceback (most recent call last):
  File "/mnt/c/WINDOWS/system32/workspace/masterarbeit/DevBench/benchmark_data/python/Hybrid_Images/demo.py", line 6, in <module>
    from src.hybrid import create_hybrid_image
  File "/mnt/c/WINDOWS/system32/workspace/masterarbeit/DevBench/benchmark_data/python/Hybrid_Images/src/hybrid.py", line 96
    return output / normalize
IndentationError: unexpected indent
Please provide code and an explanation to fix the bug which causes the aforementioned errors.
>
The error message indicates that there is an indentation error on line 96 of the "hybrid.py" file. This usually occurs when there is an unexpected space or tab before a line of code.

The line in question is:

```python
return output / normalize
```

The correct indentation for this line should be the same as the lines above it, which are part of the same function or code block.

To fix this issue, make sure that the line is properly indented with spaces or tabs to match the indentation of the surrounding code. In Python, consistent indentation is important for defining code blocks, and failing to maintain consistent indentation can lead to syntax errors.

Here's the corrected code for line 96 in "hybrid.py":

```python
# Corrected indentation
return output / normalize  # Indentation Error fixed
```

After making this change, you should be able to run your unit tests, acceptance tests, and demo script without encountering the indentation error.

> Thank you